<?xml version="1.0" encoding="UTF-8"?>
<!-- Generated by org.testng.reporters.JUnitReportReporter -->
<testsuite hostname="Ashrafuls-MBP.frontierlocal.net" failures="0" tests="1" name="steps.TestRunner" time="4.943" errors="0" timestamp="2021-05-25T22:09:38 EDT" skipped="0">
  <testcase classname="steps.TestRunner" name="runScenario" time="4.943"/>
  <system-out/>
</testsuite> <!-- steps.TestRunner -->
